<?xml version="1.0" encoding="UTF-8"?>
<!-- Generated by org.testng.reporters.JUnitReportReporter -->
<testsuite hostname="DESKTOP-AU0BDF6" name="bdd.runners.RunnerClass" tests="2" failures="0" timestamp="25 Jul 2020 18:37:17 GMT" time="17.378" errors="0">
  <testcase name="feature" time="10.250" classname="bdd.runners.RunnerClass"/>
  <testcase name="feature" time="7.128" classname="bdd.runners.RunnerClass"/>
</testsuite> <!-- bdd.runners.RunnerClass -->
